============================================================
  Generated by:           Genus(TM) Synthesis Solution 21.15-s080_1
  Generated on:           May 07 2023  02:17:04 am
  Module:                 TOP_wcount256_wlength4
  Operating conditions:   PVT_0P77V_0C 
  Interconnect mode:      global
  Area mode:              physical library
============================================================

Timing
--------

Clock Period 
-------------
clk    350.0 


        Cost          Critical         Violating 
       Group         Path Slack  TNS     Paths   
-------------------------------------------------
cg_enable_group_clk       110.5   0.0          0 
clk                        73.8   0.0          0 
default                No paths   0.0            
-------------------------------------------------
Total                             0.0          0 

Instance Count
--------------
Leaf Instance Count             2560 
Physical Instance count            0 
Sequential Instance Count       1415 
Combinational Instance Count    1145 
Hierarchical Instance Count      258 

Area
----
Cell Area                          7971.877
Physical Cell Area                 0.000
Total Cell Area (Cell+Physical)    7971.877
Net Area                           1827.475
Total Area (Cell+Physical+Net)     9799.352

Max Fanout                         376 (clk)
Min Fanout                         1 (CNT_n_122)
Average Fanout                     2.6
Terms to net ratio                 3.7128
Terms to instance ratio            3.7375
Runtime                            530.087837 seconds
Elapsed Runtime                    122 seconds
Genus peak memory usage            14771.68 
Innovus peak memory usage          no_value 
Hostname                           ecs04.poly.edu
